<?xml version="1.0" encoding="UTF-8"?>
<testsuite xmlns:xsi="http://www.w3.org/2001/XMLSchema-instance" xsi:noNamespaceSchemaLocation="https://maven.apache.org/surefire/maven-surefire-plugin/xsd/surefire-test-report-3.0.xsd" version="3.0" name="service.PizzaServiceTest" time="0.274" tests="9" errors="0" skipped="0" failures="0">
  <properties>
[...]
</properties>
  <testcase name="addPaymentTC1_BVA" classname="service.PizzaServiceTest" time="0.03"/>
  <testcase name="addPaymentTC1_ECP" classname="service.PizzaServiceTest" time="0.014">
    <system-out><![CDATA[8,Card,10.0
1,Cash,17.5
1,Cash,17.5
5,Card,29.0
1,Cash,1.0
8,Cash,1.0
2,Cash,13.0
2,Cash,12.0
8,Card,19.0
2,Cash,12.0
2,Cash,12.0
1,Cash,17.5
6,Cash,15.0
6,Cash,15.0
3,Cash,56.9
5,Card,70.99
6,Card,60.0
6,Card,60.0
8,Cash,11.4
6,Cash,15.0
3,Cash,56.9
]]></system-out>
  </testcase>
  <testcase name="addPaymentTC2_BVA" classname="service.PizzaServiceTest" time="0.029">
    <system-out><![CDATA[8,Card,10.0
1,Cash,17.5
1,Cash,17.5
5,Card,29.0
1,Cash,1.0
8,Cash,1.0
2,Cash,13.0
2,Cash,12.0
8,Card,19.0
2,Cash,12.0
2,Cash,12.0
1,Cash,17.5
6,Cash,15.0
6,Cash,15.0
3,Cash,56.9
5,Card,70.99
6,Card,60.0
6,Card,60.0
8,Cash,11.4
6,Cash,15.0
3,Cash,56.9
5,Card,70.99
]]></system-out>
  </testcase>
  <testcase name="addPaymentTC2_ECP" classname="service.PizzaServiceTest" time="0.026">
    <system-out><![CDATA[8,Card,10.0
1,Cash,17.5
1,Cash,17.5
5,Card,29.0
1,Cash,1.0
8,Cash,1.0
2,Cash,13.0
2,Cash,12.0
8,Card,19.0
2,Cash,12.0
2,Cash,12.0
1,Cash,17.5
6,Cash,15.0
6,Cash,15.0
3,Cash,56.9
5,Card,70.99
6,Card,60.0
6,Card,60.0
8,Cash,11.4
6,Cash,15.0
3,Cash,56.9
5,Card,70.99
6,Card,60.0
]]></system-out>
  </testcase>
  <testcase name="addPaymentTC2_ECP" classname="service.PizzaServiceTest" time="0.022">
    <system-out><![CDATA[8,Card,10.0
1,Cash,17.5
1,Cash,17.5
5,Card,29.0
1,Cash,1.0
8,Cash,1.0
2,Cash,13.0
2,Cash,12.0
8,Card,19.0
2,Cash,12.0
2,Cash,12.0
1,Cash,17.5
6,Cash,15.0
6,Cash,15.0
3,Cash,56.9
5,Card,70.99
6,Card,60.0
6,Card,60.0
8,Cash,11.4
6,Cash,15.0
3,Cash,56.9
5,Card,70.99
6,Card,60.0
6,Card,60.0
]]></system-out>
  </testcase>
  <testcase name="addPaymentTC3_BVA" classname="service.PizzaServiceTest" time="0.039">
    <system-out><![CDATA[8,Card,10.0
1,Cash,17.5
1,Cash,17.5
5,Card,29.0
1,Cash,1.0
8,Cash,1.0
2,Cash,13.0
2,Cash,12.0
8,Card,19.0
2,Cash,12.0
2,Cash,12.0
1,Cash,17.5
6,Cash,15.0
6,Cash,15.0
3,Cash,56.9
5,Card,70.99
6,Card,60.0
6,Card,60.0
8,Cash,11.4
6,Cash,15.0
3,Cash,56.9
5,Card,70.99
6,Card,60.0
6,Card,60.0
8,Cash,11.4
]]></system-out>
  </testcase>
  <testcase name="addPaymentTC3_ECP" classname="service.PizzaServiceTest" time="0.035"/>
  <testcase name="addPaymentTC4_BVA" classname="service.PizzaServiceTest" time="0.004"/>
  <testcase name="addPaymentTC4_ECP" classname="service.PizzaServiceTest" time="0.005"/>
</testsuite>